Using pre-set license
Built from '2020.3/staging' branch; Version is '2020.3.21f1 (a38c86f6690f) revision 10718342'; Using compiler version '192528614'; Build Type 'Release'
OS: 'Windows 10 Pro; OS build 19043.1466; Version 2009; 64bit' Language: 'ko' Physical Memory: 32603 MB
BatchMode: 1, IsHumanControllingUs: 0, StartBugReporterOnCrash: 0, Is64bit: 1, IsPro: 0

COMMAND LINE ARGUMENTS:
C:\Program Files\Unity\Hub\Editor\2020.3.21f1\Editor\Unity.exe
-adb2
-batchMode
-noUpm
-name
AssetImportWorker0
-projectPath
C:/Users/aktm7/Documents/GitHub/Misari_Puzzle
-logFile
Logs/AssetImportWorker0.log
-srvPort
8914
Successfully changed project path to: C:/Users/aktm7/Documents/GitHub/Misari_Puzzle
C:/Users/aktm7/Documents/GitHub/Misari_Puzzle
Using Asset Import Pipeline V2.
Refreshing native plugins compatible for Editor in 56.69 ms, found 2 plugins.
Preloading 0 native plugins for Editor in 0.00 ms.
Initialize engine version: 2020.3.21f1 (a38c86f6690f)
[Subsystems] Discovering subsystems at path C:/Program Files/Unity/Hub/Editor/2020.3.21f1/Editor/Data/Resources/UnitySubsystems
[Subsystems] Discovering subsystems at path C:/Users/aktm7/Documents/GitHub/Misari_Puzzle/Assets
GfxDevice: creating device client; threaded=0
Direct3D:
    Version:  Direct3D 11.0 [level 11.1]
    Renderer: NVIDIA GeForce RTX 3060 Laptop GPU (ID=0x2560)
    Vendor:   
    VRAM:     6023 MB
    Driver:   30.0.14.7199
Initialize mono
Mono path[0] = 'C:/Program Files/Unity/Hub/Editor/2020.3.21f1/Editor/Data/Managed'
Mono path[1] = 'C:/Program Files/Unity/Hub/Editor/2020.3.21f1/Editor/Data/MonoBleedingEdge/lib/mono/unityjit'
Mono config path = 'C:/Program Files/Unity/Hub/Editor/2020.3.21f1/Editor/Data/MonoBleedingEdge/etc'
Using monoOptions --debugger-agent=transport=dt_socket,embedding=1,server=y,suspend=n,address=127.0.0.1:56588
Begin MonoManager ReloadAssembly
Registering precompiled unity dll's ...
Register platform support module: C:/Program Files/Unity/Hub/Editor/2020.3.21f1/Editor/Data/PlaybackEngines/WindowsStandaloneSupport/UnityEditor.WindowsStandalone.Extensions.dll
Registered in 0.003590 seconds.
Native extension for WindowsStandalone target not found
Refreshing native plugins compatible for Editor in 54.46 ms, found 2 plugins.
Preloading 0 native plugins for Editor in 0.00 ms.
Mono: successfully reloaded assembly
- Completed reload, in  0.905 seconds
Domain Reload Profiling:
	ReloadAssembly (906ms)
		BeginReloadAssembly (73ms)
			ExecutionOrderSort (0ms)
			DisableScriptedObjects (0ms)
			BackupInstance (0ms)
			ReleaseScriptingObjects (0ms)
			CreateAndSetChildDomain (1ms)
		EndReloadAssembly (425ms)
			LoadAssemblies (69ms)
			RebuildTransferFunctionScriptingTraits (0ms)
			SetupTypeCache (138ms)
			ReleaseScriptCaches (0ms)
			RebuildScriptCaches (32ms)
			SetupLoadedEditorAssemblies (167ms)
				LogAssemblyErrors (0ms)
				InitializePlatformSupportModulesInManaged (5ms)
				SetLoadedEditorAssemblies (0ms)
				RefreshPlugins (55ms)
				BeforeProcessingInitializeOnLoad (15ms)
				ProcessInitializeOnLoadAttributes (68ms)
				ProcessInitializeOnLoadMethodAttributes (24ms)
				AfterProcessingInitializeOnLoad (0ms)
				EditorAssembliesLoaded (0ms)
			ExecutionOrderSort2 (0ms)
			AwakeInstancesAfterBackupRestoration (0ms)
Platform modules already initialized, skipping
Registering precompiled user dll's ...
Registered in 0.006221 seconds.
Begin MonoManager ReloadAssembly
Native extension for WindowsStandalone target not found
Refreshing native plugins compatible for Editor in 44.13 ms, found 2 plugins.
Preloading 0 native plugins for Editor in 0.00 ms.
Mono: successfully reloaded assembly
- Completed reload, in  1.069 seconds
Domain Reload Profiling:
	ReloadAssembly (1070ms)
		BeginReloadAssembly (128ms)
			ExecutionOrderSort (0ms)
			DisableScriptedObjects (4ms)
			BackupInstance (0ms)
			ReleaseScriptingObjects (0ms)
			CreateAndSetChildDomain (15ms)
		EndReloadAssembly (875ms)
			LoadAssemblies (94ms)
			RebuildTransferFunctionScriptingTraits (0ms)
			SetupTypeCache (290ms)
			ReleaseScriptCaches (1ms)
			RebuildScriptCaches (47ms)
			SetupLoadedEditorAssemblies (328ms)
				LogAssemblyErrors (0ms)
				InitializePlatformSupportModulesInManaged (3ms)
				SetLoadedEditorAssemblies (0ms)
				RefreshPlugins (44ms)
				BeforeProcessingInitializeOnLoad (97ms)
				ProcessInitializeOnLoadAttributes (168ms)
				ProcessInitializeOnLoadMethodAttributes (7ms)
				AfterProcessingInitializeOnLoad (9ms)
				EditorAssembliesLoaded (0ms)
			ExecutionOrderSort2 (0ms)
			AwakeInstancesAfterBackupRestoration (5ms)
Platform modules already initialized, skipping
========================================================================
Worker process is ready to serve import requests
Launched and connected shader compiler UnityShaderCompiler.exe after 0.03 seconds
Refreshing native plugins compatible for Editor in 0.45 ms, found 2 plugins.
Preloading 0 native plugins for Editor in 0.00 ms.
Unloading 2796 Unused Serialized files (Serialized files now loaded: 0)
System memory in use before: 125.6 MB.
System memory in use after: 125.8 MB.

Unloading 20 unused Assets to reduce memory usage. Loaded Objects now: 3226.
Total: 3.935100 ms (FindLiveObjects: 0.246000 ms CreateObjectMapping: 0.101800 ms MarkObjects: 3.489200 ms  DeleteObjects: 0.096800 ms)

AssetImportParameters requested are different than current active one (requested -> active):
  custom:framework-win-MediaFoundation: 216162199b28c13a410421893ffa2e32 -> 
  custom:video-decoder-ogg-theora: a1e56fd34408186e4bbccfd4996cb3dc -> 
  custom:container-muxer-webm: aa71ff27fc2769a1b78a27578f13a17b -> 
  custom:container-demuxer-webm: 4f35f7cbe854078d1ac9338744f61a02 -> 
  custom:container-demuxer-ogg: 62fdf1f143b41e24485cea50d1cbac27 -> 
  custom:video-encoder-webm-vp8: eb34c28f22e8b96e1ab97ce403110664 -> 
  custom:video-decoder-webm-vp8: 9c59270c3fd7afecdb556c50c9e8de78 -> 
  custom:audio-decoder-ogg-vorbis: bf7c407c2cedff20999df2af8eb42d56 -> 
  custom:audio-encoder-webm-vorbis: bf7c407c2cedff20999df2af8eb42d56 -> 
========================================================================
Received Import Request.
  path: Assets/Readme.asset
  artifactKey: Guid(83c2ed844a8c74b779a4c823d16594b1) Importer(815301076,1909f56bfc062723c751e8b465ee728b)
Start importing Assets/Readme.asset using Guid(83c2ed844a8c74b779a4c823d16594b1) Importer(815301076,1909f56bfc062723c751e8b465ee728b)  -> (artifact id: '8ffd2c44ffeb50c574abb5d0c4453328') in 0.022365 seconds 
  Import took 0.026233 seconds .

========================================================================
Received Import Request.
  Time since last request: 14.400873 seconds.
  path: Assets/Presets/AudioCompressedInMemory.preset
  artifactKey: Guid(2dd802e4d37c65149922028d3e973832) Importer(815301076,1909f56bfc062723c751e8b465ee728b)
Start importing Assets/Presets/AudioCompressedInMemory.preset using Guid(2dd802e4d37c65149922028d3e973832) Importer(815301076,1909f56bfc062723c751e8b465ee728b)  -> (artifact id: 'ac4de02398cfe62c06251b0f50233ebf') in 0.003734 seconds 
  Import took 0.007672 seconds .

========================================================================
Received Import Request.
  Time since last request: 0.000129 seconds.
  path: Assets/Presets/AudioStreaming.preset
  artifactKey: Guid(86bcce7f5575b54408aa0f3a7d321039) Importer(815301076,1909f56bfc062723c751e8b465ee728b)
Start importing Assets/Presets/AudioStreaming.preset using Guid(86bcce7f5575b54408aa0f3a7d321039) Importer(815301076,1909f56bfc062723c751e8b465ee728b)  -> (artifact id: '9982fbd60bc57b892b2c54d34a0163c0') in 0.002165 seconds 
  Import took 0.005425 seconds .

========================================================================
Received Import Request.
  Time since last request: 0.000117 seconds.
  path: Assets/Presets/NormalTexture.preset
  artifactKey: Guid(14a57cf3b9fa1c74b884aa7e0dcf1faa) Importer(815301076,1909f56bfc062723c751e8b465ee728b)
Start importing Assets/Presets/NormalTexture.preset using Guid(14a57cf3b9fa1c74b884aa7e0dcf1faa) Importer(815301076,1909f56bfc062723c751e8b465ee728b)  -> (artifact id: '9c195482fc53bc4f53f643643f636469') in 0.003937 seconds 
  Import took 0.007387 seconds .

========================================================================
Received Import Request.
  Time since last request: 0.000117 seconds.
  path: Assets/Presets/UtilityTexture.preset
  artifactKey: Guid(45f7b2e3c78185248b3adbb14429c2ab) Importer(815301076,1909f56bfc062723c751e8b465ee728b)
Start importing Assets/Presets/UtilityTexture.preset using Guid(45f7b2e3c78185248b3adbb14429c2ab) Importer(815301076,1909f56bfc062723c751e8b465ee728b)  -> (artifact id: 'ab9c1faeeb59b745cafa0ae79c874a42') in 0.003064 seconds 
  Import took 0.006411 seconds .

========================================================================
Received Prepare
Registering precompiled user dll's ...
Registered in 0.004893 seconds.
Begin MonoManager ReloadAssembly
Native extension for WindowsStandalone target not found
Refreshing native plugins compatible for Editor in 0.48 ms, found 2 plugins.
Preloading 0 native plugins for Editor in 0.00 ms.
Mono: successfully reloaded assembly
- Completed reload, in  0.821 seconds
Domain Reload Profiling:
	ReloadAssembly (821ms)
		BeginReloadAssembly (102ms)
			ExecutionOrderSort (0ms)
			DisableScriptedObjects (5ms)
			BackupInstance (0ms)
			ReleaseScriptingObjects (0ms)
			CreateAndSetChildDomain (28ms)
		EndReloadAssembly (664ms)
			LoadAssemblies (81ms)
			RebuildTransferFunctionScriptingTraits (0ms)
			SetupTypeCache (232ms)
			ReleaseScriptCaches (1ms)
			RebuildScriptCaches (31ms)
			SetupLoadedEditorAssemblies (238ms)
				LogAssemblyErrors (0ms)
				InitializePlatformSupportModulesInManaged (4ms)
				SetLoadedEditorAssemblies (0ms)
				RefreshPlugins (1ms)
				BeforeProcessingInitializeOnLoad (76ms)
				ProcessInitializeOnLoadAttributes (141ms)
				ProcessInitializeOnLoadMethodAttributes (7ms)
				AfterProcessingInitializeOnLoad (10ms)
				EditorAssembliesLoaded (0ms)
			ExecutionOrderSort2 (0ms)
			AwakeInstancesAfterBackupRestoration (12ms)
Platform modules already initialized, skipping
Refreshing native plugins compatible for Editor in 0.46 ms, found 2 plugins.
Preloading 0 native plugins for Editor in 0.00 ms.
Unloading 2686 Unused Serialized files (Serialized files now loaded: 0)
System memory in use before: 118.4 MB.
System memory in use after: 118.6 MB.

Unloading 15 unused Assets to reduce memory usage. Loaded Objects now: 3228.
Total: 2.805000 ms (FindLiveObjects: 0.169500 ms CreateObjectMapping: 0.073900 ms MarkObjects: 2.541700 ms  DeleteObjects: 0.019100 ms)

AssetImportParameters requested are different than current active one (requested -> active):
  custom:framework-win-MediaFoundation: 216162199b28c13a410421893ffa2e32 -> 
  custom:video-decoder-ogg-theora: a1e56fd34408186e4bbccfd4996cb3dc -> 
  custom:container-muxer-webm: aa71ff27fc2769a1b78a27578f13a17b -> 
  custom:container-demuxer-webm: 4f35f7cbe854078d1ac9338744f61a02 -> 
  custom:container-demuxer-ogg: 62fdf1f143b41e24485cea50d1cbac27 -> 
  custom:video-encoder-webm-vp8: eb34c28f22e8b96e1ab97ce403110664 -> 
  custom:video-decoder-webm-vp8: 9c59270c3fd7afecdb556c50c9e8de78 -> 
  custom:audio-decoder-ogg-vorbis: bf7c407c2cedff20999df2af8eb42d56 -> 
  custom:audio-encoder-webm-vorbis: bf7c407c2cedff20999df2af8eb42d56 -> 
========================================================================
Received Import Request.
  Time since last request: 14.313161 seconds.
  path: Assets/Materials/Skybox_Mat.mat
  artifactKey: Guid(0ffaa0b7117ba8c47a9d05ae701d4b4d) Importer(815301076,1909f56bfc062723c751e8b465ee728b)
Start importing Assets/Materials/Skybox_Mat.mat using Guid(0ffaa0b7117ba8c47a9d05ae701d4b4d) Importer(815301076,1909f56bfc062723c751e8b465ee728b)  -> (artifact id: '4d54ab3375f41efad00566dcae11def2') in 0.162323 seconds 
  Import took 0.166047 seconds .

========================================================================
Received Import Request.
  Time since last request: 2.273461 seconds.
  path: Assets
  artifactKey: Guid(00000000000000001000000000000000) Importer(815301076,1909f56bfc062723c751e8b465ee728b)
Start importing Assets using Guid(00000000000000001000000000000000) Importer(815301076,1909f56bfc062723c751e8b465ee728b)  -> (artifact id: '42d402b061de3733987d63b9cc3b64de') in 0.002397 seconds 
  Import took 0.006326 seconds .

========================================================================
Received Import Request.
  Time since last request: 11.741505 seconds.
  path: Assets/03_Prefabs
  artifactKey: Guid(f75dfc36951be5c4e8d7acfa3d457a39) Importer(815301076,1909f56bfc062723c751e8b465ee728b)
Start importing Assets/03_Prefabs using Guid(f75dfc36951be5c4e8d7acfa3d457a39) Importer(815301076,1909f56bfc062723c751e8b465ee728b)  -> (artifact id: 'c5b950ccabbdde8c6187b6eb406a3d43') in 0.001608 seconds 
  Import took 0.005448 seconds .

========================================================================
Received Import Request.
  Time since last request: 5.592533 seconds.
  path: Assets/02_Prefabs
  artifactKey: Guid(f75dfc36951be5c4e8d7acfa3d457a39) Importer(815301076,1909f56bfc062723c751e8b465ee728b)
Start importing Assets/02_Prefabs using Guid(f75dfc36951be5c4e8d7acfa3d457a39) Importer(815301076,1909f56bfc062723c751e8b465ee728b)  -> (artifact id: 'fbf9e47ed4139ee304daebdeccf2525e') in 0.001661 seconds 
  Import took 0.005293 seconds .

========================================================================
Received Import Request.
  Time since last request: 31.391147 seconds.
  path: Assets/03_Materials
  artifactKey: Guid(0e20932befd34f14d829ff5f4abbaf42) Importer(815301076,1909f56bfc062723c751e8b465ee728b)
Start importing Assets/03_Materials using Guid(0e20932befd34f14d829ff5f4abbaf42) Importer(815301076,1909f56bfc062723c751e8b465ee728b)  -> (artifact id: 'be973996310e08e7504baac3a6168ec9') in 0.001690 seconds 
  Import took 0.005440 seconds .

========================================================================
Received Import Request.
  Time since last request: 15.661146 seconds.
  path: Assets/04_Sounds
  artifactKey: Guid(28a4916b25e1ffc4abb3c48c64aaf23e) Importer(815301076,1909f56bfc062723c751e8b465ee728b)
Start importing Assets/04_Sounds using Guid(28a4916b25e1ffc4abb3c48c64aaf23e) Importer(815301076,1909f56bfc062723c751e8b465ee728b)  -> (artifact id: '6d4f9d32926567cbf8bce3fe540e08e3') in 0.001715 seconds 
  Import took 0.005330 seconds .

========================================================================
Received Import Request.
  Time since last request: 14.743134 seconds.
  path: Assets/05_Shaders
  artifactKey: Guid(51a1afed863160c48a68701c381c7e55) Importer(815301076,1909f56bfc062723c751e8b465ee728b)
Start importing Assets/05_Shaders using Guid(51a1afed863160c48a68701c381c7e55) Importer(815301076,1909f56bfc062723c751e8b465ee728b)  -> (artifact id: '20b4723f0b80a8f13b3e48c1eb6fa260') in 0.001932 seconds 
  Import took 0.005512 seconds .

========================================================================
Received Import Request.
  Time since last request: 8.391300 seconds.
  path: Assets/00_Scenes
  artifactKey: Guid(16c59a4022744ac42bac25177dbb4f29) Importer(815301076,1909f56bfc062723c751e8b465ee728b)
Start importing Assets/00_Scenes using Guid(16c59a4022744ac42bac25177dbb4f29) Importer(815301076,1909f56bfc062723c751e8b465ee728b)  -> (artifact id: '6ae250dddce201b5d01043ae59dd7b81') in 0.001801 seconds 
  Import took 0.005476 seconds .

========================================================================
Received Import Request.
  Time since last request: 17.649345 seconds.
  path: Assets/00_Scenes/MainScene.unity
  artifactKey: Guid(95f40ca585f0ce941ac3214420f15a33) Importer(815301076,1909f56bfc062723c751e8b465ee728b)
Start importing Assets/00_Scenes/MainScene.unity using Guid(95f40ca585f0ce941ac3214420f15a33) Importer(815301076,1909f56bfc062723c751e8b465ee728b)  -> (artifact id: '577e4ef0de2bedeecd99374903e3db03') in 0.002108 seconds 
  Import took 0.005633 seconds .

========================================================================
Received Import Request.
  Time since last request: 1.140296 seconds.
  path: Assets/00_Scenes/SampleScene.unity
  artifactKey: Guid(d1c3109bdb54ad54c8a2b2838528e640) Importer(815301076,1909f56bfc062723c751e8b465ee728b)
Start importing Assets/00_Scenes/SampleScene.unity using Guid(d1c3109bdb54ad54c8a2b2838528e640) Importer(815301076,1909f56bfc062723c751e8b465ee728b)  -> (artifact id: '1a7c01bc8ed57adf1ede3d700e613d7f') in 0.002200 seconds 
  Import took 0.005966 seconds .

========================================================================
Received Import Request.
  Time since last request: 1.519122 seconds.
  path: Assets/00_Scenes/SampleSceneLightingSettings.lighting
  artifactKey: Guid(477cc4148fad3449482a3bc3178594e2) Importer(815301076,1909f56bfc062723c751e8b465ee728b)
Start importing Assets/00_Scenes/SampleSceneLightingSettings.lighting using Guid(477cc4148fad3449482a3bc3178594e2) Importer(815301076,1909f56bfc062723c751e8b465ee728b)  -> (artifact id: '4a26a52e718306fba651ad1c5ff177c0') in 0.003727 seconds 
  Import took 0.007532 seconds .

========================================================================
Received Import Request.
  Time since last request: 24.085169 seconds.
  path: Assets/_Featured_Jun
  artifactKey: Guid(b7d3febc8b3a7e14998435adf5a299e7) Importer(815301076,1909f56bfc062723c751e8b465ee728b)
Start importing Assets/_Featured_Jun using Guid(b7d3febc8b3a7e14998435adf5a299e7) Importer(815301076,1909f56bfc062723c751e8b465ee728b)  -> (artifact id: 'd28ce791ebe79140a96e49d64fc0340c') in 0.001832 seconds 
  Import took 0.005677 seconds .

========================================================================
Received Import Request.
  Time since last request: 21.640072 seconds.
  path: Assets/!Featured_Jun
  artifactKey: Guid(b7d3febc8b3a7e14998435adf5a299e7) Importer(815301076,1909f56bfc062723c751e8b465ee728b)
Start importing Assets/!Featured_Jun using Guid(b7d3febc8b3a7e14998435adf5a299e7) Importer(815301076,1909f56bfc062723c751e8b465ee728b)  -> (artifact id: 'e9b79eb1bb53084ebbe24df0de9f5189') in 0.001641 seconds 
  Import took 0.006008 seconds .

========================================================================
Received Import Request.
  Time since last request: 16.764449 seconds.
  path: Assets/!Featured_Jun/Test_Stage.unity
  artifactKey: Guid(7dc79d97b551d6f4ea0471fe9d61fc67) Importer(815301076,1909f56bfc062723c751e8b465ee728b)
Start importing Assets/!Featured_Jun/Test_Stage.unity using Guid(7dc79d97b551d6f4ea0471fe9d61fc67) Importer(815301076,1909f56bfc062723c751e8b465ee728b)  -> (artifact id: 'd252ccb3087dd4dd444d021c66244235') in 0.002146 seconds 
  Import took 0.005908 seconds .

========================================================================
Received Import Request.
  Time since last request: 47.769040 seconds.
  path: Assets/02_Prefabs/crystal.fbx
  artifactKey: Guid(9a678a696bf3a4b4e92da006d1a10245) Importer(815301076,1909f56bfc062723c751e8b465ee728b)
Start importing Assets/02_Prefabs/crystal.fbx using Guid(9a678a696bf3a4b4e92da006d1a10245) Importer(815301076,1909f56bfc062723c751e8b465ee728b)  -> (artifact id: 'c04a895a8ef06fb5b21ab07c908f6e64') in 0.610854 seconds 
  Import took 0.614651 seconds .

========================================================================
Received Import Request.
  Time since last request: 12.782254 seconds.
  path: Assets/02_Prefabs/crystal.fbx
  artifactKey: Guid(9a678a696bf3a4b4e92da006d1a10245) Importer(815301076,1909f56bfc062723c751e8b465ee728b)
Start importing Assets/02_Prefabs/crystal.fbx using Guid(9a678a696bf3a4b4e92da006d1a10245) Importer(815301076,1909f56bfc062723c751e8b465ee728b)  -> (artifact id: 'd55da33f61a774bffb1c08a25f530aa7') in 0.247483 seconds 
  Import took 0.251269 seconds .

========================================================================
Received Import Request.
  Time since last request: 1.665979 seconds.
  path: Assets/02_Prefabs/Materials
  artifactKey: Guid(cd4d5ed54e2d97e45a55d3a353151b4b) Importer(815301076,1909f56bfc062723c751e8b465ee728b)
Start importing Assets/02_Prefabs/Materials using Guid(cd4d5ed54e2d97e45a55d3a353151b4b) Importer(815301076,1909f56bfc062723c751e8b465ee728b)  -> (artifact id: '0b3ff33b3be0ad6d37b18c3144efedcb') in 0.002775 seconds 
  Import took 0.006851 seconds .

========================================================================
Received Import Request.
  Time since last request: 0.058602 seconds.
  path: Assets/02_Prefabs/Materials/Material.001.mat
  artifactKey: Guid(da75fa873f8e30a4586f57cae7b850ae) Importer(815301076,1909f56bfc062723c751e8b465ee728b)
Start importing Assets/02_Prefabs/Materials/Material.001.mat using Guid(da75fa873f8e30a4586f57cae7b850ae) Importer(815301076,1909f56bfc062723c751e8b465ee728b)  -> (artifact id: '2f7a36063977060649aeabdf1c416c45') in 0.008191 seconds 
  Import took 0.012974 seconds .

========================================================================
Received Import Request.
  Time since last request: 6.952969 seconds.
  path: Assets/02_Prefabs/Materials/Crystal.mat
  artifactKey: Guid(da75fa873f8e30a4586f57cae7b850ae) Importer(815301076,1909f56bfc062723c751e8b465ee728b)
Start importing Assets/02_Prefabs/Materials/Crystal.mat using Guid(da75fa873f8e30a4586f57cae7b850ae) Importer(815301076,1909f56bfc062723c751e8b465ee728b)  -> (artifact id: '85d94a3ee9cbdea19be07aa6890c249b') in 0.008081 seconds 
  Import took 0.011819 seconds .

========================================================================
Received Import Request.
  Time since last request: 144.356650 seconds.
  path: Assets/03_Materials/Skybox.mat
  artifactKey: Guid(6b0a7b7add7617e4080c069b573323b7) Importer(815301076,1909f56bfc062723c751e8b465ee728b)
Start importing Assets/03_Materials/Skybox.mat using Guid(6b0a7b7add7617e4080c069b573323b7) Importer(815301076,1909f56bfc062723c751e8b465ee728b)  -> (artifact id: '03fb9e2a78b11883288b3a5103ae7ff1') in 0.007854 seconds 
  Import took 0.011591 seconds .

========================================================================
Received Import Request.
  Time since last request: 101.243852 seconds.
  path: Assets/03_Materials/Ground.mat
  artifactKey: Guid(80b63dad3e515334c8e5c8350e9196b6) Importer(815301076,1909f56bfc062723c751e8b465ee728b)
Start importing Assets/03_Materials/Ground.mat using Guid(80b63dad3e515334c8e5c8350e9196b6) Importer(815301076,1909f56bfc062723c751e8b465ee728b)  -> (artifact id: '7e79ebe5ae2d2f03ce31d7425118c472') in 0.007750 seconds 
  Import took 0.011603 seconds .

========================================================================
Received Import Request.
  Time since last request: 0.000117 seconds.
  path: Assets/03_Materials/Skybox.mat
  artifactKey: Guid(6b0a7b7add7617e4080c069b573323b7) Importer(815301076,1909f56bfc062723c751e8b465ee728b)
Start importing Assets/03_Materials/Skybox.mat using Guid(6b0a7b7add7617e4080c069b573323b7) Importer(815301076,1909f56bfc062723c751e8b465ee728b)  -> (artifact id: '52b6296d5412ada81c5550ec6aa9df9c') in 0.009029 seconds 
  Import took 0.012913 seconds .

========================================================================
Received Import Request.
  Time since last request: 345.362018 seconds.
  path: Assets/!Featured_Jun/Test_Stage/Global Volume Profile.asset
  artifactKey: Guid(74551349e0784d241be95bcf222aaf3a) Importer(815301076,1909f56bfc062723c751e8b465ee728b)
Start importing Assets/!Featured_Jun/Test_Stage/Global Volume Profile.asset using Guid(74551349e0784d241be95bcf222aaf3a) Importer(815301076,1909f56bfc062723c751e8b465ee728b)  -> (artifact id: 'c6b8a8aa9d2b509efa2709956a9f2286') in 0.003372 seconds 
  Import took 0.008198 seconds .

AssetImportWorkerClient::OnTransportError - code=2 error=End of file
